# JRE version: Java(TM) SE Runtime Environment (25.0.3+9) (build 25.0.3+9-LTS-195)
# Java VM: Java HotSpot(TM) 64-Bit Server VM (25.0.3+9-LTS-195, mixed mode, sharing, tiered, compressed oops, compressed class ptrs, g1 gc, windows-amd64)
GC Precious Log:
 CardTable entry size: 512
 Card Set container configuration: InlinePtr #cards 4 size 8 Array Of Cards #cards 32 size 80 Howl #buckets 8 coarsen threshold 7372 Howl Bitmap #cards 1024 size 144 coarsen threshold 921 Card regions per heap region 1 cards per card region 8192
 CPUs: 16 total, 16 available
 Memory: 32188M
 Large Page Support: Disabled
 NUMA Support: Disabled
 Compressed Oops: Enabled (Zero based)
 Heap Region Size: 4M
 Heap Min Capacity: 8M
 Heap Initial Capacity: 504M
 Heap Max Capacity: 8048M
 Pre-touch: Disabled
 Parallel Workers: 13
 Concurrent Workers: 3
 Concurrent Refinement Workers: 13
 Periodic GC: Disabled
Heap:
 garbage-first heap   total reserved 8241152K, committed 761856K, used 328523K [0x0000000609000000, 0x0000000800000000)
  region size 4096K, 17 young (69632K), 9 survivors (36864K)
GC Heap Usage History (20 events):
Event: 9645.605 {heap Before GC invocations=73 (full 0):
 garbage-first heap   total reserved 8241152K, committed 761856K, used 449338K [0x0000000609000000, 0x0000000800000000)
  region size 4096K, 30 young (122880K), 3 survivors (12288K)
}
Event: 9645.607 {heap After GC invocations=74 (full 0):
 garbage-first heap   total reserved 8241152K, committed 761856K, used 282180K [0x0000000609000000, 0x0000000800000000)
  region size 4096K, 9 young (36864K), 9 survivors (36864K)
}
Event: 9652.505 {heap Before GC invocations=74 (full 0):
 garbage-first heap   total reserved 8241152K, committed 761856K, used 446020K [0x0000000609000000, 0x0000000800000000)
  region size 4096K, 27 young (110592K), 9 survivors (36864K)
}
Event: 9652.507 {heap After GC invocations=75 (full 0):
 garbage-first heap   total reserved 8241152K, committed 761856K, used 297417K [0x0000000609000000, 0x0000000800000000)
  region size 4096K, 13 young (53248K), 13 survivors (53248K)
}
Event: 9920.416 {heap Before GC invocations=75 (full 0):
 garbage-first heap   total reserved 8241152K, committed 761856K, used 453065K [0x0000000609000000, 0x0000000800000000)
  region size 4096K, 29 young (118784K), 13 survivors (53248K)
}
Event: 9920.418 {heap After GC invocations=76 (full 0):
 garbage-first heap   total reserved 8241152K, committed 761856K, used 281814K [0x0000000609000000, 0x0000000800000000)
  region size 4096K, 9 young (36864K), 9 survivors (36864K)
}
Event: 10105.420 {heap Before GC invocations=76 (full 0):
 garbage-first heap   total reserved 8241152K, committed 761856K, used 416982K [0x0000000609000000, 0x0000000800000000)
  region size 4096K, 24 young (98304K), 9 survivors (36864K)
}
Event: 10105.423 {heap After GC invocations=77 (full 0):
 garbage-first heap   total reserved 8241152K, committed 761856K, used 266034K [0x0000000609000000, 0x0000000800000000)
  region size 4096K, 9 young (36864K), 9 survivors (36864K)
}
Event: 10450.172 {heap Before GC invocations=77 (full 0):
 garbage-first heap   total reserved 8241152K, committed 761856K, used 446258K [0x0000000609000000, 0x0000000800000000)
  region size 4096K, 28 young (114688K), 9 survivors (36864K)
}
Event: 10450.174 {heap After GC invocations=78 (full 0):
 garbage-first heap   total reserved 8241152K, committed 761856K, used 195419K [0x0000000609000000, 0x0000000800000000)
  region size 4096K, 3 young (12288K), 3 survivors (12288K)
}
Event: 10458.070 {heap Before GC invocations=78 (full 0):
 garbage-first heap   total reserved 8241152K, committed 761856K, used 412507K [0x0000000609000000, 0x0000000800000000)
  region size 4096K, 27 young (110592K), 3 survivors (12288K)
}
Event: 10458.074 {heap After GC invocations=79 (full 0):
 garbage-first heap   total reserved 8241152K, committed 761856K, used 270181K [0x0000000609000000, 0x0000000800000000)
  region size 4096K, 9 young (36864K), 9 survivors (36864K)
}
Event: 10645.415 {heap Before GC invocations=79 (full 0):
 garbage-first heap   total reserved 8241152K, committed 761856K, used 417637K [0x0000000609000000, 0x0000000800000000)
  region size 4096K, 26 young (106496K), 9 survivors (36864K)
}
Event: 10645.418 {heap After GC invocations=80 (full 0):
 garbage-first heap   total reserved 8241152K, committed 761856K, used 286631K [0x0000000609000000, 0x0000000800000000)
  region size 4096K, 13 young (53248K), 13 survivors (53248K)
}
Event: 10865.942 {heap Before GC invocations=80 (full 0):
 garbage-first heap   total reserved 8241152K, committed 761856K, used 458663K [0x0000000609000000, 0x0000000800000000)
  region size 4096K, 32 young (131072K), 13 survivors (53248K)
}
Event: 10865.947 {heap After GC invocations=81 (full 0):
 garbage-first heap   total reserved 8241152K, committed 761856K, used 299662K [0x0000000609000000, 0x0000000800000000)
  region size 4096K, 12 young (49152K), 12 survivors (49152K)
}
Event: 11125.022 {heap Before GC invocations=81 (full 0):
 garbage-first heap   total reserved 8241152K, committed 761856K, used 430734K [0x0000000609000000, 0x0000000800000000)
  region size 4096K, 25 young (102400K), 12 survivors (49152K)
}
Event: 11125.024 {heap After GC invocations=82 (full 0):
 garbage-first heap   total reserved 8241152K, committed 761856K, used 262529K [0x0000000609000000, 0x0000000800000000)
  region size 4096K, 7 young (28672K), 7 survivors (28672K)
}
Event: 11131.315 {heap Before GC invocations=82 (full 0):
 garbage-first heap   total reserved 8241152K, committed 761856K, used 385409K [0x0000000609000000, 0x0000000800000000)
  region size 4096K, 21 young (86016K), 7 survivors (28672K)
}
Event: 11131.318 {heap After GC invocations=83 (full 0):
 garbage-first heap   total reserved 8241152K, committed 761856K, used 258891K [0x0000000609000000, 0x0000000800000000)
  region size 4096K, 9 young (36864K), 9 survivors (36864K)
}

